2024-10-23 04:40:36 +0000  Initial pipeline context: <IDEDistributionProcessingPipelineContext: 0x7ff78b5b56a0; archive(resolved)="<IDEArchive: 0x600032a7ba20>", distributionTask(resolved)="2", distributionDestination(resolved)="1", distributionMethod(resolved)="<IDEDistributionMethodiOSEnterprise: 0x6000083f1e10>", team(resolved)="<IDEProvisioningDisambiguatableBasicTeam: 0x600005efacc0; teamID='577RAG5643', teamName='N-TECH.LAB LTD', teamType='Enterprise', username='v.timofeev@ntechlab.com', isFreeProvisioningTeam='0'>">
	Chain (14, self inclusive):
	<IDEDistributionProcessingPipelineContext: 0x7ff78b5b56a0; archive = "<IDEArchive: 0x600032a7ba20>", distributionMethod="<IDEDistributionMethodiOSEnterprise: 0x6000083f1e10>", team="<IDEProvisioningDisambiguatableBasicTeam: 0x600005efacc0; teamID='577RAG5643', teamName='N-TECH.LAB LTD', teamType='Enterprise', username='v.timofeev@ntechlab.com', isFreeProvisioningTeam='0'>">
	<IDEDistributionProcessingPipelineContext: 0x7ff7a1b183f0; archive = "<IDEArchive: 0x600032a7ba20>", distributionMethod="<IDEDistributionMethodiOSEnterprise: 0x6000083f1e10>", team="<IDEProvisioningDisambiguatableBasicTeam: 0x600005efacc0; teamID='577RAG5643', teamName='N-TECH.LAB LTD', teamType='Enterprise', username='v.timofeev@ntechlab.com', isFreeProvisioningTeam='0'>">
	<IDEDistributionContext: 0x7ff789fadc30; archive = "<IDEArchive: 0x600032a7ba20>", distributionMethod="<IDEDistributionMethodiOSEnterprise: 0x6000083f1e10>", team="<IDEProvisioningDisambiguatableBasicTeam: 0x600005efacc0; teamID='577RAG5643', teamName='N-TECH.LAB LTD', teamType='Enterprise', username='v.timofeev@ntechlab.com', isFreeProvisioningTeam='0'>">
	<IDEDistributionContext: 0x7ff78b6d0db0; archive = "<IDEArchive: 0x600032a7ba20>", distributionMethod="<IDEDistributionMethodiOSEnterprise: 0x6000083f1e10>", team="<IDEProvisioningDisambiguatableBasicTeam: 0x600005efacc0; teamID='577RAG5643', teamName='N-TECH.LAB LTD', teamType='Enterprise', username='v.timofeev@ntechlab.com', isFreeProvisioningTeam='0'>">
	<IDEDistributionContext: 0x7ff789fab560; archive = "<IDEArchive: 0x600032a7ba20>", distributionMethod="<IDEDistributionMethodiOSEnterprise: 0x6000083f1e10>", team="<IDEProvisioningDisambiguatableBasicTeam: 0x600005efacc0; teamID='577RAG5643', teamName='N-TECH.LAB LTD', teamType='Enterprise', username='v.timofeev@ntechlab.com', isFreeProvisioningTeam='0'>">
	<IDEDistributionContext: 0x7ff78b2e40c0; archive = "<IDEArchive: 0x600032a7ba20>", distributionMethod="<IDEDistributionMethodiOSEnterprise: 0x6000083f1e10>", team="<IDEProvisioningDisambiguatableBasicTeam: 0x600005efacc0; teamID='577RAG5643', teamName='N-TECH.LAB LTD', teamType='Enterprise', username='v.timofeev@ntechlab.com', isFreeProvisioningTeam='0'>">
	<IDEDistributionContext: 0x7ff78b3654c0; archive = "<IDEArchive: 0x600032a7ba20>", distributionMethod="<IDEDistributionMethodiOSEnterprise: 0x6000083f1e10>", team="<IDEProvisioningDisambiguatableBasicTeam: 0x600005efacc0; teamID='577RAG5643', teamName='N-TECH.LAB LTD', teamType='Enterprise', username='v.timofeev@ntechlab.com', isFreeProvisioningTeam='0'>">
	<IDEDistributionContext: 0x7ff78b34d2b0; archive = "<IDEArchive: 0x600032a7ba20>", distributionMethod="<IDEDistributionMethodiOSEnterprise: 0x6000083f1e10>", team="<IDEProvisioningDisambiguatableBasicTeam: 0x600005efacc0; teamID='577RAG5643', teamName='N-TECH.LAB LTD', teamType='Enterprise', username='v.timofeev@ntechlab.com', isFreeProvisioningTeam='0'>">
	<IDEDistributionContext: 0x7ff78be0ee60; archive = "<IDEArchive: 0x600032a7ba20>", distributionMethod="<IDEDistributionMethodiOSEnterprise: 0x6000083f1e10>", team="<IDEProvisioningDisambiguatableBasicTeam: 0x600005efacc0; teamID='577RAG5643', teamName='N-TECH.LAB LTD', teamType='Enterprise', username='v.timofeev@ntechlab.com', isFreeProvisioningTeam='0'>">
	<IDEDistributionContext: 0x7ff7a360d620; archive = "<IDEArchive: 0x600032a7ba20>", distributionMethod="<IDEDistributionMethodiOSEnterprise: 0x6000083f1e10>", team="(null)">
	<IDEDistributionContext: 0x7ff78b6b6e30; archive = "<IDEArchive: 0x600032a7ba20>", distributionMethod="<IDEDistributionMethodiOSEnterprise: 0x6000083f1e10>", team="(null)">
	<IDEDistributionContext: 0x7ff78b32ca10; archive = "<IDEArchive: 0x600032a7ba20>", distributionMethod="<IDEDistributionMethodiOSEnterprise: 0x6000083f1e10>", team="(null)">
	<IDEDistributionContext: 0x7ff78b6f2a20; archive = "<IDEArchive: 0x600032a7ba20>", distributionMethod="<IDEDistributionMethodiOSEnterprise: 0x6000083f1e10>", team="(null)">
	<IDEDistributionContext: 0x7ff78b6db9f0; archive = "<IDEArchive: 0x600032a7ba20>", distributionMethod="(null)", team="(null)">
</IDEDistributionProcessingPipelineContext: 0x7ff78b5b56a0>
2024-10-23 04:40:36 +0000  Processing step: IDEDistributionCreateDestRootStep
2024-10-23 04:40:36 +0000  Processing step: IDEDistributionCopyItemStep
2024-10-23 04:40:36 +0000  Running /usr/bin/ditto '-V' '/Users/vtimofeev/Library/Developer/Xcode/Archives/2024-10-23/FFMultiMobile 23.10.2024, 07.37.xcarchive/Products/Applications/FFMultiMobile.app' '/var/folders/k0/_k6cq1lj3s7bzp0cc9jnqk980000gp/T/XcodeDistPipeline.~~~HY1QAc/Root/Payload/FFMultiMobile.app'
2024-10-23 04:40:36 +0000  >>> Copying /Users/vtimofeev/Library/Developer/Xcode/Archives/2024-10-23/FFMultiMobile 23.10.2024, 07.37.xcarchive/Products/Applications/FFMultiMobile.app 
2024-10-23 04:40:36 +0000  copying file ./_CodeSignature/CodeResources ... 
2024-10-23 04:40:36 +0000  43348 bytes for ./_CodeSignature/CodeResources
2024-10-23 04:40:36 +0000  copying file ./NYTPhotoViewer.bundle/NYTPhotoViewerCloseButtonX@2x.png ... 
2024-10-23 04:40:36 +0000  283 bytes for ./NYTPhotoViewer.bundle/NYTPhotoViewerCloseButtonX@2x.png
copying file ./NYTPhotoViewer.bundle/NYTPhotoViewerCloseButtonX@3x.png ... 
2024-10-23 04:40:36 +0000  369 bytes for ./NYTPhotoViewer.bundle/NYTPhotoViewerCloseButtonX@3x.png
2024-10-23 04:40:36 +0000  copying file ./NYTPhotoViewer.bundle/NYTPhotoViewerCloseButtonXLandscape@2x.png ... 
2024-10-23 04:40:36 +0000  208 bytes for ./NYTPhotoViewer.bundle/NYTPhotoViewerCloseButtonXLandscape@2x.png
copying file ./NYTPhotoViewer.bundle/NYTPhotoViewerCloseButtonXLandscape.png ... 
2024-10-23 04:40:36 +0000  143 bytes for ./NYTPhotoViewer.bundle/NYTPhotoViewerCloseButtonXLandscape.png
copying file ./NYTPhotoViewer.bundle/NYTPhotoViewerCloseButtonXLandscape@3x.png ... 
2024-10-23 04:40:36 +0000  273 bytes for ./NYTPhotoViewer.bundle/NYTPhotoViewerCloseButtonXLandscape@3x.png
copying file ./NYTPhotoViewer.bundle/Info.plist ... 
2024-10-23 04:40:36 +0000  773 bytes for ./NYTPhotoViewer.bundle/Info.plist
2024-10-23 04:40:36 +0000  copying file ./NYTPhotoViewer.bundle/NYTPhotoViewerCloseButtonX.png ... 
2024-10-23 04:40:36 +0000  220 bytes for ./NYTPhotoViewer.bundle/NYTPhotoViewerCloseButtonX.png
copying file ./Fontisto.ttf ... 
2024-10-23 04:40:36 +0000  313528 bytes for ./Fontisto.ttf
2024-10-23 04:40:36 +0000  copying file ./Octicons.ttf ... 
2024-10-23 04:40:36 +0000  49404 bytes for ./Octicons.ttf
2024-10-23 04:40:36 +0000  copying file ./Feather.ttf ... 
2024-10-23 04:40:36 +0000  56228 bytes for ./Feather.ttf
copying file ./FFMultiMobile ... 
2024-10-23 04:40:36 +0000  6443008 bytes for ./FFMultiMobile
copying file ./FontAwesome6_Regular.ttf ... 
2024-10-23 04:40:36 +0000  63348 bytes for ./FontAwesome6_Regular.ttf
copying file ./Entypo.ttf ... 
2024-10-23 04:40:36 +0000  66200 bytes for ./Entypo.ttf
copying file ./FontAwesome5_Brands.ttf ... 
2024-10-23 04:40:36 +0000  134040 bytes for ./FontAwesome5_Brands.ttf
2024-10-23 04:40:36 +0000  copying file ./MaterialCommunityIcons.ttf ... 
2024-10-23 04:40:36 +0000  1147844 bytes for ./MaterialCommunityIcons.ttf
copying file ./AppIcon60x60@2x.png ... 
2024-10-23 04:40:36 +0000  8205 bytes for ./AppIcon60x60@2x.png
2024-10-23 04:40:36 +0000  copying file ./AntDesign.ttf ... 
2024-10-23 04:40:36 +0000  70344 bytes for ./AntDesign.ttf
copying file ./Foundation.ttf ... 
2024-10-23 04:40:36 +0000  56976 bytes for ./Foundation.ttf
copying file ./Ionicons.ttf ... 
2024-10-23 04:40:36 +0000  442604 bytes for ./Ionicons.ttf
copying file ./FontAwesome5_Solid.ttf ... 
2024-10-23 04:40:36 +0000  202744 bytes for ./FontAwesome5_Solid.ttf
2024-10-23 04:40:36 +0000  copying file ./FontAwesome5_Regular.ttf ... 
2024-10-23 04:40:36 +0000  33736 bytes for ./FontAwesome5_Regular.ttf
copying file ./FontAwesome.ttf ... 
2024-10-23 04:40:36 +0000  165548 bytes for ./FontAwesome.ttf
copying file ./Zocial.ttf ... 
2024-10-23 04:40:36 +0000  25788 bytes for ./Zocial.ttf
copying file ./Assets.car ... 
2024-10-23 04:40:36 +0000  421144 bytes for ./Assets.car
copying file ./EvilIcons.ttf ... 
2024-10-23 04:40:36 +0000  13456 bytes for ./EvilIcons.ttf
copying file ./AppIcon76x76@2x~ipad.png ... 
2024-10-23 04:40:36 +0000  10730 bytes for ./AppIcon76x76@2x~ipad.png
2024-10-23 04:40:36 +0000  copying file ./main.jsbundle ... 
2024-10-23 04:40:36 +0000  4100340 bytes for ./main.jsbundle
2024-10-23 04:40:36 +0000  copying file ./RCTI18nStrings.bundle/de.lproj/Localizable.strings ... 
64 bytes for ./RCTI18nStrings.bundle/de.lproj/Localizable.strings
copying file ./RCTI18nStrings.bundle/de.lproj/fbt_language_pack.bin ... 
1312 bytes for ./RCTI18nStrings.bundle/de.lproj/fbt_language_pack.bin
2024-10-23 04:40:36 +0000  copying file ./RCTI18nStrings.bundle/he.lproj/Localizable.strings ... 
2024-10-23 04:40:36 +0000  64 bytes for ./RCTI18nStrings.bundle/he.lproj/Localizable.strings
2024-10-23 04:40:36 +0000  copying file ./RCTI18nStrings.bundle/he.lproj/fbt_language_pack.bin ... 
2024-10-23 04:40:36 +0000  1444 bytes for ./RCTI18nStrings.bundle/he.lproj/fbt_language_pack.bin
2024-10-23 04:40:36 +0000  copying file ./RCTI18nStrings.bundle/ar.lproj/Localizable.strings ... 
2024-10-23 04:40:36 +0000  64 bytes for ./RCTI18nStrings.bundle/ar.lproj/Localizable.strings
copying file ./RCTI18nStrings.bundle/ar.lproj/fbt_language_pack.bin ... 
2024-10-23 04:40:36 +0000  1500 bytes for ./RCTI18nStrings.bundle/ar.lproj/fbt_language_pack.bin
2024-10-23 04:40:36 +0000  copying file ./RCTI18nStrings.bundle/el.lproj/Localizable.strings ... 
2024-10-23 04:40:36 +0000  64 bytes for ./RCTI18nStrings.bundle/el.lproj/Localizable.strings
2024-10-23 04:40:36 +0000  copying file ./RCTI18nStrings.bundle/el.lproj/fbt_language_pack.bin ... 
2024-10-23 04:40:36 +0000  1600 bytes for ./RCTI18nStrings.bundle/el.lproj/fbt_language_pack.bin
2024-10-23 04:40:36 +0000  copying file ./RCTI18nStrings.bundle/zh-Hans.lproj/Localizable.strings ... 
2024-10-23 04:40:36 +0000  64 bytes for ./RCTI18nStrings.bundle/zh-Hans.lproj/Localizable.strings
2024-10-23 04:40:36 +0000  copying file ./RCTI18nStrings.bundle/zh-Hans.lproj/fbt_language_pack.bin ... 
2024-10-23 04:40:36 +0000  1296 bytes for ./RCTI18nStrings.bundle/zh-Hans.lproj/fbt_language_pack.bin
2024-10-23 04:40:36 +0000  copying file ./RCTI18nStrings.bundle/ja.lproj/Localizable.strings ... 
2024-10-23 04:40:36 +0000  64 bytes for ./RCTI18nStrings.bundle/ja.lproj/Localizable.strings
2024-10-23 04:40:36 +0000  copying file ./RCTI18nStrings.bundle/ja.lproj/fbt_language_pack.bin ... 
2024-10-23 04:40:36 +0000  1436 bytes for ./RCTI18nStrings.bundle/ja.lproj/fbt_language_pack.bin
2024-10-23 04:40:36 +0000  copying file ./RCTI18nStrings.bundle/en.lproj/Localizable.strings ... 
2024-10-23 04:40:36 +0000  64 bytes for ./RCTI18nStrings.bundle/en.lproj/Localizable.strings
2024-10-23 04:40:36 +0000  copying file ./RCTI18nStrings.bundle/zh-Hant-HK.lproj/Localizable.strings ... 
2024-10-23 04:40:36 +0000  64 bytes for ./RCTI18nStrings.bundle/zh-Hant-HK.lproj/Localizable.strings
2024-10-23 04:40:36 +0000  copying file ./RCTI18nStrings.bundle/zh-Hant-HK.lproj/fbt_language_pack.bin ... 
2024-10-23 04:40:36 +0000  1296 bytes for ./RCTI18nStrings.bundle/zh-Hant-HK.lproj/fbt_language_pack.bin
2024-10-23 04:40:36 +0000  copying file ./RCTI18nStrings.bundle/uk.lproj/Localizable.strings ... 
2024-10-23 04:40:36 +0000  64 bytes for ./RCTI18nStrings.bundle/uk.lproj/Localizable.strings
2024-10-23 04:40:36 +0000  copying file ./RCTI18nStrings.bundle/uk.lproj/fbt_language_pack.bin ... 
2024-10-23 04:40:36 +0000  1564 bytes for ./RCTI18nStrings.bundle/uk.lproj/fbt_language_pack.bin
2024-10-23 04:40:36 +0000  copying file ./RCTI18nStrings.bundle/nb.lproj/Localizable.strings ... 
2024-10-23 04:40:36 +0000  64 bytes for ./RCTI18nStrings.bundle/nb.lproj/Localizable.strings
2024-10-23 04:40:36 +0000  copying file ./RCTI18nStrings.bundle/nb.lproj/fbt_language_pack.bin ... 
2024-10-23 04:40:36 +0000  1296 bytes for ./RCTI18nStrings.bundle/nb.lproj/fbt_language_pack.bin
2024-10-23 04:40:36 +0000  copying file ./RCTI18nStrings.bundle/en-GB.lproj/Localizable.strings ... 
2024-10-23 04:40:36 +0000  64 bytes for ./RCTI18nStrings.bundle/en-GB.lproj/Localizable.strings
2024-10-23 04:40:36 +0000  copying file ./RCTI18nStrings.bundle/en-GB.lproj/fbt_language_pack.bin ... 
2024-10-23 04:40:36 +0000  1268 bytes for ./RCTI18nStrings.bundle/en-GB.lproj/fbt_language_pack.bin
2024-10-23 04:40:36 +0000  copying file ./RCTI18nStrings.bundle/es.lproj/Localizable.strings ... 
2024-10-23 04:40:36 +0000  64 bytes for ./RCTI18nStrings.bundle/es.lproj/Localizable.strings
2024-10-23 04:40:36 +0000  copying file ./RCTI18nStrings.bundle/es.lproj/fbt_language_pack.bin ... 
2024-10-23 04:40:36 +0000  1364 bytes for ./RCTI18nStrings.bundle/es.lproj/fbt_language_pack.bin
2024-10-23 04:40:36 +0000  copying file ./RCTI18nStrings.bundle/da.lproj/Localizable.strings ... 
2024-10-23 04:40:36 +0000  64 bytes for ./RCTI18nStrings.bundle/da.lproj/Localizable.strings
2024-10-23 04:40:36 +0000  copying file ./RCTI18nStrings.bundle/da.lproj/fbt_language_pack.bin ... 
2024-10-23 04:40:36 +0000  1300 bytes for ./RCTI18nStrings.bundle/da.lproj/fbt_language_pack.bin
2024-10-23 04:40:36 +0000  copying file ./RCTI18nStrings.bundle/it.lproj/Localizable.strings ... 
2024-10-23 04:40:36 +0000  64 bytes for ./RCTI18nStrings.bundle/it.lproj/Localizable.strings
2024-10-23 04:40:36 +0000  copying file ./RCTI18nStrings.bundle/it.lproj/fbt_language_pack.bin ... 
2024-10-23 04:40:36 +0000  1388 bytes for ./RCTI18nStrings.bundle/it.lproj/fbt_language_pack.bin
2024-10-23 04:40:36 +0000  copying file ./RCTI18nStrings.bundle/sk.lproj/Localizable.strings ... 
2024-10-23 04:40:36 +0000  64 bytes for ./RCTI18nStrings.bundle/sk.lproj/Localizable.strings
2024-10-23 04:40:36 +0000  copying file ./RCTI18nStrings.bundle/sk.lproj/fbt_language_pack.bin ... 
2024-10-23 04:40:36 +0000  1356 bytes for ./RCTI18nStrings.bundle/sk.lproj/fbt_language_pack.bin
2024-10-23 04:40:36 +0000  copying file ./RCTI18nStrings.bundle/es-ES.lproj/Localizable.strings ... 
2024-10-23 04:40:36 +0000  64 bytes for ./RCTI18nStrings.bundle/es-ES.lproj/Localizable.strings
2024-10-23 04:40:36 +0000  copying file ./RCTI18nStrings.bundle/es-ES.lproj/fbt_language_pack.bin ... 
2024-10-23 04:40:36 +0000  1368 bytes for ./RCTI18nStrings.bundle/es-ES.lproj/fbt_language_pack.bin
2024-10-23 04:40:36 +0000  copying file ./RCTI18nStrings.bundle/ms.lproj/Localizable.strings ... 
2024-10-23 04:40:36 +0000  64 bytes for ./RCTI18nStrings.bundle/ms.lproj/Localizable.strings
copying file ./RCTI18nStrings.bundle/ms.lproj/fbt_language_pack.bin ... 
2024-10-23 04:40:36 +0000  1292 bytes for ./RCTI18nStrings.bundle/ms.lproj/fbt_language_pack.bin
2024-10-23 04:40:36 +0000  copying file ./RCTI18nStrings.bundle/sv.lproj/Localizable.strings ... 
2024-10-23 04:40:36 +0000  64 bytes for ./RCTI18nStrings.bundle/sv.lproj/Localizable.strings
2024-10-23 04:40:36 +0000  copying file ./RCTI18nStrings.bundle/sv.lproj/fbt_language_pack.bin ... 
2024-10-23 04:40:36 +0000  1300 bytes for ./RCTI18nStrings.bundle/sv.lproj/fbt_language_pack.bin
2024-10-23 04:40:36 +0000  copying file ./RCTI18nStrings.bundle/cs.lproj/Localizable.strings ... 
2024-10-23 04:40:36 +0000  64 bytes for ./RCTI18nStrings.bundle/cs.lproj/Localizable.strings
2024-10-23 04:40:36 +0000  copying file ./RCTI18nStrings.bundle/cs.lproj/fbt_language_pack.bin ... 
2024-10-23 04:40:36 +0000  1368 bytes for ./RCTI18nStrings.bundle/cs.lproj/fbt_language_pack.bin
2024-10-23 04:40:36 +0000  copying file ./RCTI18nStrings.bundle/ko.lproj/Localizable.strings ... 
2024-10-23 04:40:36 +0000  64 bytes for ./RCTI18nStrings.bundle/ko.lproj/Localizable.strings
2024-10-23 04:40:36 +0000  copying file ./RCTI18nStrings.bundle/ko.lproj/fbt_language_pack.bin ... 
2024-10-23 04:40:36 +0000  1332 bytes for ./RCTI18nStrings.bundle/ko.lproj/fbt_language_pack.bin
2024-10-23 04:40:36 +0000  copying file ./RCTI18nStrings.bundle/zh-Hant.lproj/Localizable.strings ... 
2024-10-23 04:40:36 +0000  64 bytes for ./RCTI18nStrings.bundle/zh-Hant.lproj/Localizable.strings
2024-10-23 04:40:36 +0000  copying file ./RCTI18nStrings.bundle/zh-Hant.lproj/fbt_language_pack.bin ... 
2024-10-23 04:40:36 +0000  1308 bytes for ./RCTI18nStrings.bundle/zh-Hant.lproj/fbt_language_pack.bin
2024-10-23 04:40:36 +0000  copying file ./RCTI18nStrings.bundle/hu.lproj/Localizable.strings ... 
2024-10-23 04:40:36 +0000  64 bytes for ./RCTI18nStrings.bundle/hu.lproj/Localizable.strings
2024-10-23 04:40:36 +0000  copying file ./RCTI18nStrings.bundle/hu.lproj/fbt_language_pack.bin ... 
2024-10-23 04:40:36 +0000  1348 bytes for ./RCTI18nStrings.bundle/hu.lproj/fbt_language_pack.bin
2024-10-23 04:40:36 +0000  copying file ./RCTI18nStrings.bundle/tr.lproj/Localizable.strings ... 
2024-10-23 04:40:36 +0000  64 bytes for ./RCTI18nStrings.bundle/tr.lproj/Localizable.strings
2024-10-23 04:40:36 +0000  copying file ./RCTI18nStrings.bundle/tr.lproj/fbt_language_pack.bin ... 
2024-10-23 04:40:36 +0000  1360 bytes for ./RCTI18nStrings.bundle/tr.lproj/fbt_language_pack.bin
2024-10-23 04:40:36 +0000  copying file ./RCTI18nStrings.bundle/pl.lproj/Localizable.strings ... 
2024-10-23 04:40:36 +0000  64 bytes for ./RCTI18nStrings.bundle/pl.lproj/Localizable.strings
2024-10-23 04:40:36 +0000  copying file ./RCTI18nStrings.bundle/pl.lproj/fbt_language_pack.bin ... 
2024-10-23 04:40:36 +0000  1340 bytes for ./RCTI18nStrings.bundle/pl.lproj/fbt_language_pack.bin
2024-10-23 04:40:36 +0000  copying file ./RCTI18nStrings.bundle/vi.lproj/Localizable.strings ... 
2024-10-23 04:40:36 +0000  64 bytes for ./RCTI18nStrings.bundle/vi.lproj/Localizable.strings
2024-10-23 04:40:36 +0000  copying file ./RCTI18nStrings.bundle/vi.lproj/fbt_language_pack.bin ... 
2024-10-23 04:40:36 +0000  1352 bytes for ./RCTI18nStrings.bundle/vi.lproj/fbt_language_pack.bin
2024-10-23 04:40:36 +0000  copying file ./RCTI18nStrings.bundle/ru.lproj/Localizable.strings ... 
2024-10-23 04:40:36 +0000  64 bytes for ./RCTI18nStrings.bundle/ru.lproj/Localizable.strings
2024-10-23 04:40:36 +0000  copying file ./RCTI18nStrings.bundle/ru.lproj/fbt_language_pack.bin ... 
2024-10-23 04:40:36 +0000  1576 bytes for ./RCTI18nStrings.bundle/ru.lproj/fbt_language_pack.bin
2024-10-23 04:40:36 +0000  copying file ./RCTI18nStrings.bundle/fr.lproj/Localizable.strings ... 
2024-10-23 04:40:36 +0000  64 bytes for ./RCTI18nStrings.bundle/fr.lproj/Localizable.strings
copying file ./RCTI18nStrings.bundle/fr.lproj/fbt_language_pack.bin ... 
2024-10-23 04:40:36 +0000  1360 bytes for ./RCTI18nStrings.bundle/fr.lproj/fbt_language_pack.bin
2024-10-23 04:40:36 +0000  copying file ./RCTI18nStrings.bundle/fi.lproj/Localizable.strings ... 
2024-10-23 04:40:36 +0000  64 bytes for ./RCTI18nStrings.bundle/fi.lproj/Localizable.strings
copying file ./RCTI18nStrings.bundle/fi.lproj/fbt_language_pack.bin ... 
2024-10-23 04:40:36 +0000  1340 bytes for ./RCTI18nStrings.bundle/fi.lproj/fbt_language_pack.bin
2024-10-23 04:40:36 +0000  copying file ./RCTI18nStrings.bundle/id.lproj/Localizable.strings ... 
2024-10-23 04:40:36 +0000  64 bytes for ./RCTI18nStrings.bundle/id.lproj/Localizable.strings
2024-10-23 04:40:36 +0000  copying file ./RCTI18nStrings.bundle/id.lproj/fbt_language_pack.bin ... 
2024-10-23 04:40:36 +0000  1300 bytes for ./RCTI18nStrings.bundle/id.lproj/fbt_language_pack.bin
2024-10-23 04:40:36 +0000  copying file ./RCTI18nStrings.bundle/nl.lproj/Localizable.strings ... 
2024-10-23 04:40:36 +0000  64 bytes for ./RCTI18nStrings.bundle/nl.lproj/Localizable.strings
2024-10-23 04:40:36 +0000  copying file ./RCTI18nStrings.bundle/nl.lproj/fbt_language_pack.bin ... 
2024-10-23 04:40:36 +0000  1324 bytes for ./RCTI18nStrings.bundle/nl.lproj/fbt_language_pack.bin
2024-10-23 04:40:36 +0000  copying file ./RCTI18nStrings.bundle/th.lproj/Localizable.strings ... 
2024-10-23 04:40:36 +0000  64 bytes for ./RCTI18nStrings.bundle/th.lproj/Localizable.strings
2024-10-23 04:40:36 +0000  copying file ./RCTI18nStrings.bundle/th.lproj/fbt_language_pack.bin ... 
2024-10-23 04:40:36 +0000  1784 bytes for ./RCTI18nStrings.bundle/th.lproj/fbt_language_pack.bin
2024-10-23 04:40:36 +0000  copying file ./RCTI18nStrings.bundle/pt.lproj/Localizable.strings ... 
2024-10-23 04:40:36 +0000  64 bytes for ./RCTI18nStrings.bundle/pt.lproj/Localizable.strings
copying file ./RCTI18nStrings.bundle/pt.lproj/fbt_language_pack.bin ... 
2024-10-23 04:40:36 +0000  1356 bytes for ./RCTI18nStrings.bundle/pt.lproj/fbt_language_pack.bin
2024-10-23 04:40:36 +0000  copying file ./RCTI18nStrings.bundle/zu.lproj/Localizable.strings ... 
2024-10-23 04:40:36 +0000  64 bytes for ./RCTI18nStrings.bundle/zu.lproj/Localizable.strings
2024-10-23 04:40:36 +0000  copying file ./RCTI18nStrings.bundle/zu.lproj/fbt_language_pack.bin ... 
2024-10-23 04:40:36 +0000  2076 bytes for ./RCTI18nStrings.bundle/zu.lproj/fbt_language_pack.bin
2024-10-23 04:40:36 +0000  copying file ./RCTI18nStrings.bundle/pt-PT.lproj/Localizable.strings ... 
2024-10-23 04:40:36 +0000  64 bytes for ./RCTI18nStrings.bundle/pt-PT.lproj/Localizable.strings
copying file ./RCTI18nStrings.bundle/pt-PT.lproj/fbt_language_pack.bin ... 
2024-10-23 04:40:36 +0000  1372 bytes for ./RCTI18nStrings.bundle/pt-PT.lproj/fbt_language_pack.bin
2024-10-23 04:40:36 +0000  copying file ./RCTI18nStrings.bundle/ro.lproj/Localizable.strings ... 
2024-10-23 04:40:36 +0000  64 bytes for ./RCTI18nStrings.bundle/ro.lproj/Localizable.strings
2024-10-23 04:40:36 +0000  copying file ./RCTI18nStrings.bundle/ro.lproj/fbt_language_pack.bin ... 
2024-10-23 04:40:36 +0000  1344 bytes for ./RCTI18nStrings.bundle/ro.lproj/fbt_language_pack.bin
2024-10-23 04:40:36 +0000  copying file ./RCTI18nStrings.bundle/Info.plist ... 
2024-10-23 04:40:36 +0000  775 bytes for ./RCTI18nStrings.bundle/Info.plist
2024-10-23 04:40:36 +0000  copying file ./RCTI18nStrings.bundle/hr.lproj/Localizable.strings ... 
2024-10-23 04:40:36 +0000  64 bytes for ./RCTI18nStrings.bundle/hr.lproj/Localizable.strings
2024-10-23 04:40:36 +0000  copying file ./RCTI18nStrings.bundle/hr.lproj/fbt_language_pack.bin ... 
2024-10-23 04:40:36 +0000  1352 bytes for ./RCTI18nStrings.bundle/hr.lproj/fbt_language_pack.bin
2024-10-23 04:40:36 +0000  copying file ./RCTI18nStrings.bundle/hi.lproj/Localizable.strings ... 
2024-10-23 04:40:36 +0000  64 bytes for ./RCTI18nStrings.bundle/hi.lproj/Localizable.strings
2024-10-23 04:40:36 +0000  copying file ./RCTI18nStrings.bundle/hi.lproj/fbt_language_pack.bin ... 
2024-10-23 04:40:36 +0000  1640 bytes for ./RCTI18nStrings.bundle/hi.lproj/fbt_language_pack.bin
2024-10-23 04:40:36 +0000  copying file ./FontAwesome6_Solid.ttf ... 
2024-10-23 04:40:36 +0000  394668 bytes for ./FontAwesome6_Solid.ttf
copying file ./PrivacyInfo.xcprivacy ... 
2024-10-23 04:40:36 +0000  1891 bytes for ./PrivacyInfo.xcprivacy
2024-10-23 04:40:36 +0000  copying file ./LaunchScreen.storyboardc/01J-lp-oVM-view-Ze5-6b-2t3.nib ... 
2024-10-23 04:40:36 +0000  3293 bytes for ./LaunchScreen.storyboardc/01J-lp-oVM-view-Ze5-6b-2t3.nib
2024-10-23 04:40:36 +0000  copying file ./LaunchScreen.storyboardc/UIViewController-01J-lp-oVM.nib ... 
2024-10-23 04:40:36 +0000  896 bytes for ./LaunchScreen.storyboardc/UIViewController-01J-lp-oVM.nib
copying file ./LaunchScreen.storyboardc/Info.plist ... 
2024-10-23 04:40:36 +0000  258 bytes for ./LaunchScreen.storyboardc/Info.plist
2024-10-23 04:40:36 +0000  copying file ./modules.json ... 
2024-10-23 04:40:36 +0000  3124 bytes for ./modules.json
2024-10-23 04:40:36 +0000  copying file ./Frameworks/hermes.framework/_CodeSignature/CodeResources ... 
2024-10-23 04:40:36 +0000  1798 bytes for ./Frameworks/hermes.framework/_CodeSignature/CodeResources
2024-10-23 04:40:36 +0000  copying file ./Frameworks/hermes.framework/hermes ... 
2024-10-23 04:40:36 +0000  4448544 bytes for ./Frameworks/hermes.framework/hermes
copying file ./Frameworks/hermes.framework/Info.plist ... 
2024-10-23 04:40:36 +0000  815 bytes for ./Frameworks/hermes.framework/Info.plist
copying file ./SimpleLineIcons.ttf ... 
2024-10-23 04:40:36 +0000  54056 bytes for ./SimpleLineIcons.ttf
2024-10-23 04:40:36 +0000  copying file ./FontAwesome6_Brands.ttf ... 
2024-10-23 04:40:36 +0000  189684 bytes for ./FontAwesome6_Brands.ttf
2024-10-23 04:40:36 +0000  copying file ./embedded.mobileprovision ... 
2024-10-23 04:40:36 +0000  27803 bytes for ./embedded.mobileprovision
2024-10-23 04:40:36 +0000  copying file ./assets/node_modules/@react-navigation/drawer/src/views/assets/toggle-drawer-icon@3x.png ... 
2024-10-23 04:40:36 +0000  212 bytes for ./assets/node_modules/@react-navigation/drawer/src/views/assets/toggle-drawer-icon@3x.png
2024-10-23 04:40:36 +0000  copying file ./assets/node_modules/@react-navigation/drawer/src/views/assets/toggle-drawer-icon@2x.png ... 
2024-10-23 04:40:36 +0000  163 bytes for ./assets/node_modules/@react-navigation/drawer/src/views/assets/toggle-drawer-icon@2x.png
copying file ./assets/node_modules/@react-navigation/drawer/src/views/assets/toggle-drawer-icon.png ... 
2024-10-23 04:40:36 +0000  108 bytes for ./assets/node_modules/@react-navigation/drawer/src/views/assets/toggle-drawer-icon.png
2024-10-23 04:40:36 +0000  copying file ./assets/node_modules/@react-navigation/elements/src/assets/back-icon@3x.png ... 
2024-10-23 04:40:36 +0000  761 bytes for ./assets/node_modules/@react-navigation/elements/src/assets/back-icon@3x.png
2024-10-23 04:40:36 +0000  copying file ./assets/node_modules/@react-navigation/elements/src/assets/back-icon@2x.png ... 
2024-10-23 04:40:36 +0000  405 bytes for ./assets/node_modules/@react-navigation/elements/src/assets/back-icon@2x.png
copying file ./assets/node_modules/@react-navigation/elements/src/assets/back-icon.png ... 
2024-10-23 04:40:36 +0000  290 bytes for ./assets/node_modules/@react-navigation/elements/src/assets/back-icon.png
2024-10-23 04:40:36 +0000  copying file ./assets/node_modules/@react-navigation/elements/src/assets/back-icon-mask.png ... 
2024-10-23 04:40:36 +0000  913 bytes for ./assets/node_modules/@react-navigation/elements/src/assets/back-icon-mask.png
2024-10-23 04:40:36 +0000  copying file ./assets/src/assets/logos/logo.ntech.v3.png ... 
2024-10-23 04:40:36 +0000  7634 bytes for ./assets/src/assets/logos/logo.ntech.v3.png
2024-10-23 04:40:36 +0000  copying file ./Info.plist ... 
2024-10-23 04:40:36 +0000  1714 bytes for ./Info.plist
2024-10-23 04:40:36 +0000  copying file ./PkgInfo ... 
2024-10-23 04:40:36 +0000  8 bytes for ./PkgInfo
2024-10-23 04:40:36 +0000  copying file ./MaterialIcons.ttf ... 
2024-10-23 04:40:36 +0000  356840 bytes for ./MaterialIcons.ttf
2024-10-23 04:40:36 +0000  /usr/bin/ditto exited with 0
2024-10-23 04:40:36 +0000  Processing step: IDEDistributionEmbedProfileStep
2024-10-23 04:40:36 +0000  Skipping profile for item: <IDEDistributionItem: 0x600032a2e940; bundleID='dev.hermesengine.iphoneos', path='<DVTFilePath:0x60001287ff00:'/Users/vtimofeev/Library/Developer/Xcode/Archives/2024-10-23/FFMultiMobile 23.10.2024, 07.37.xcarchive/Products/Applications/FFMultiMobile.app/Frameworks/hermes.framework'>', codeSigningInfo='<_DVTCodeSigningInformation_Path: 0x600016304460; isSigned='1', isAdHocSigned='0', signingCertificate='<DVTSigningCertificate: 0x60000770db80; name='Apple Development: Vasily Timofeev (TY8MG6MNW3)', hash='DC7A8E926D1DC5A394D9A0D8270BBB6C27CF941F', serialNumber='80C5E893557158418D092EA1C3B1A0B', certificateKinds='(
    "1.2.840.113635.100.6.1.12",
    "1.2.840.113635.100.6.1.2"
), issueDate='2023-12-06 15:13:17 +0000''>', entitlements='(null)', teamID='577RAG5643', identifier='dev.hermesengine.iphoneos', executablePath='<DVTFilePath:0x600032a17180:'/Users/vtimofeev/Library/Developer/Xcode/Archives/2024-10-23/FFMultiMobile 23.10.2024, 07.37.xcarchive/Products/Applications/FFMultiMobile.app/Frameworks/hermes.framework/hermes'>', hardenedRuntime='0'>'>
2024-10-23 04:40:36 +0000  Processing step: IDEDistributionInfoPlistStep
2024-10-23 04:40:36 +0000  Skipping step: IDEDistributionInfoPlistStep because it said so
2024-10-23 04:40:36 +0000  Skipping step: IDEDistributionInfoPlistStep because it said so
2024-10-23 04:40:36 +0000  Processing step: IDEDistributionAppThinningPlistStep
2024-10-23 04:40:36 +0000  Skipping step: IDEDistributionAppThinningPlistStep because it said so
2024-10-23 04:40:36 +0000  Processing step: IDEDistributionCompileBitcodeStep
2024-10-23 04:40:36 +0000  Skipping step: IDEDistributionCompileBitcodeStep because it said so
2024-10-23 04:40:36 +0000  Processing step: IDEDistributionCodeSlimmingStep
2024-10-23 04:40:36 +0000  Processing step: IDEDistributionCopyBCSymbolMapsStep
2024-10-23 04:40:36 +0000  Skipping step: IDEDistributionCopyBCSymbolMapsStep because it said so
2024-10-23 04:40:36 +0000  Skipping step: IDEDistributionCopyBCSymbolMapsStep because it said so
2024-10-23 04:40:36 +0000  Processing step: IDEDistributionSymbolsStep
2024-10-23 04:40:36 +0000  Skipping step: IDEDistributionSymbolsStep because it said so
2024-10-23 04:40:36 +0000  Skipping step: IDEDistributionSymbolsStep because it said so
2024-10-23 04:40:36 +0000  Processing step: IDEDistributionAppThinningStep
2024-10-23 04:40:36 +0000  Skipping step: IDEDistributionAppThinningStep because it said so
2024-10-23 04:40:36 +0000  Processing step: IDEDistributionArchThinningStep
2024-10-23 04:40:36 +0000  Running /Applications/Xcode.app/Contents/Developer/Toolchains/XcodeDefault.xctoolchain/usr/bin/lipo '/var/folders/k0/_k6cq1lj3s7bzp0cc9jnqk980000gp/T/XcodeDistPipeline.~~~HY1QAc/Root/Payload/FFMultiMobile.app/Frameworks/hermes.framework/hermes' '-verify_arch' 'arm64e'
2024-10-23 04:40:36 +0000  /Applications/Xcode.app/Contents/Developer/Toolchains/XcodeDefault.xctoolchain/usr/bin/lipo exited with 1
2024-10-23 04:40:36 +0000  Skipping architecture thinning for item "hermes" because arch "arm64e" wasn't found
2024-10-23 04:40:36 +0000  Running /Applications/Xcode.app/Contents/Developer/Toolchains/XcodeDefault.xctoolchain/usr/bin/lipo '/var/folders/k0/_k6cq1lj3s7bzp0cc9jnqk980000gp/T/XcodeDistPipeline.~~~HY1QAc/Root/Payload/FFMultiMobile.app/FFMultiMobile' '-verify_arch' 'arm64e'
2024-10-23 04:40:36 +0000  /Applications/Xcode.app/Contents/Developer/Toolchains/XcodeDefault.xctoolchain/usr/bin/lipo exited with 1
2024-10-23 04:40:36 +0000  Skipping architecture thinning for item "FFMultiMobile" because arch "arm64e" wasn't found
2024-10-23 04:40:36 +0000  Processing step: IDEDistributionODRStep
2024-10-23 04:40:36 +0000  Processing step: IDEDistributionStripXattrsStep
2024-10-23 04:40:36 +0000  Skipping stripping extended attributes of item: <IDEDistributionItem: 0x600032a2e940; bundleID='dev.hermesengine.iphoneos', path='<DVTFilePath:0x60001287ff00:'/Users/vtimofeev/Library/Developer/Xcode/Archives/2024-10-23/FFMultiMobile 23.10.2024, 07.37.xcarchive/Products/Applications/FFMultiMobile.app/Frameworks/hermes.framework'>', codeSigningInfo='<_DVTCodeSigningInformation_Path: 0x600016304460; isSigned='1', isAdHocSigned='0', signingCertificate='<DVTSigningCertificate: 0x60000773cdc0; name='Apple Development: Vasily Timofeev (TY8MG6MNW3)', hash='DC7A8E926D1DC5A394D9A0D8270BBB6C27CF941F', serialNumber='80C5E893557158418D092EA1C3B1A0B', certificateKinds='(
    "1.2.840.113635.100.6.1.12",
    "1.2.840.113635.100.6.1.2"
), issueDate='2023-12-06 15:13:17 +0000''>', entitlements='(null)', teamID='577RAG5643', identifier='dev.hermesengine.iphoneos', executablePath='<DVTFilePath:0x600032a17180:'/Users/vtimofeev/Library/Developer/Xcode/Archives/2024-10-23/FFMultiMobile 23.10.2024, 07.37.xcarchive/Products/Applications/FFMultiMobile.app/Frameworks/hermes.framework/hermes'>', hardenedRuntime='0'>'>
2024-10-23 04:40:36 +0000  Running /usr/bin/xattr '-crs' '/var/folders/k0/_k6cq1lj3s7bzp0cc9jnqk980000gp/T/XcodeDistPipeline.~~~HY1QAc/Root/Payload/FFMultiMobile.app'
2024-10-23 04:40:36 +0000  /usr/bin/xattr exited with 0
2024-10-23 04:40:36 +0000  Processing step: IDEDistributionCodesignStep
2024-10-23 04:40:36 +0000  Entitlements for <IDEDistributionItem: 0x600032a2e940; bundleID='dev.hermesengine.iphoneos', path='<DVTFilePath:0x60001287ff00:'/Users/vtimofeev/Library/Developer/Xcode/Archives/2024-10-23/FFMultiMobile 23.10.2024, 07.37.xcarchive/Products/Applications/FFMultiMobile.app/Frameworks/hermes.framework'>', codeSigningInfo='<_DVTCodeSigningInformation_Path: 0x600016304460; isSigned='1', isAdHocSigned='0', signingCertificate='<DVTSigningCertificate: 0x60000773cdc0; name='Apple Development: Vasily Timofeev (TY8MG6MNW3)', hash='DC7A8E926D1DC5A394D9A0D8270BBB6C27CF941F', serialNumber='80C5E893557158418D092EA1C3B1A0B', certificateKinds='(
    "1.2.840.113635.100.6.1.12",
    "1.2.840.113635.100.6.1.2"
), issueDate='2023-12-06 15:13:17 +0000''>', entitlements='(null)', teamID='577RAG5643', identifier='dev.hermesengine.iphoneos', executablePath='<DVTFilePath:0x600032a17180:'/Users/vtimofeev/Library/Developer/Xcode/Archives/2024-10-23/FFMultiMobile 23.10.2024, 07.37.xcarchive/Products/Applications/FFMultiMobile.app/Frameworks/hermes.framework/hermes'>', hardenedRuntime='0'>'>: {
}
2024-10-23 04:40:36 +0000  Entitlements for <IDEDistributionItem: 0x600032a2e940; bundleID='dev.hermesengine.iphoneos', path='<DVTFilePath:0x60001287ff00:'/Users/vtimofeev/Library/Developer/Xcode/Archives/2024-10-23/FFMultiMobile 23.10.2024, 07.37.xcarchive/Products/Applications/FFMultiMobile.app/Frameworks/hermes.framework'>', codeSigningInfo='<_DVTCodeSigningInformation_Path: 0x600016304460; isSigned='1', isAdHocSigned='0', signingCertificate='<DVTSigningCertificate: 0x60000773d1e0; name='Apple Development: Vasily Timofeev (TY8MG6MNW3)', hash='DC7A8E926D1DC5A394D9A0D8270BBB6C27CF941F', serialNumber='80C5E893557158418D092EA1C3B1A0B', certificateKinds='(
    "1.2.840.113635.100.6.1.12",
    "1.2.840.113635.100.6.1.2"
), issueDate='2023-12-06 15:13:17 +0000''>', entitlements='(null)', teamID='577RAG5643', identifier='dev.hermesengine.iphoneos', executablePath='<DVTFilePath:0x600032a17180:'/Users/vtimofeev/Library/Developer/Xcode/Archives/2024-10-23/FFMultiMobile 23.10.2024, 07.37.xcarchive/Products/Applications/FFMultiMobile.app/Frameworks/hermes.framework/hermes'>', hardenedRuntime='0'>'> are: {
}
2024-10-23 04:40:36 +0000  Writing entitlements for <IDEDistributionItem: 0x600032a2e940; bundleID='dev.hermesengine.iphoneos', path='<DVTFilePath:0x60001287ff00:'/Users/vtimofeev/Library/Developer/Xcode/Archives/2024-10-23/FFMultiMobile 23.10.2024, 07.37.xcarchive/Products/Applications/FFMultiMobile.app/Frameworks/hermes.framework'>', codeSigningInfo='<_DVTCodeSigningInformation_Path: 0x600016304460; isSigned='1', isAdHocSigned='0', signingCertificate='<DVTSigningCertificate: 0x60000773d130; name='Apple Development: Vasily Timofeev (TY8MG6MNW3)', hash='DC7A8E926D1DC5A394D9A0D8270BBB6C27CF941F', serialNumber='80C5E893557158418D092EA1C3B1A0B', certificateKinds='(
    "1.2.840.113635.100.6.1.12",
    "1.2.840.113635.100.6.1.2"
), issueDate='2023-12-06 15:13:17 +0000''>', entitlements='(null)', teamID='577RAG5643', identifier='dev.hermesengine.iphoneos', executablePath='<DVTFilePath:0x600032a17180:'/Users/vtimofeev/Library/Developer/Xcode/Archives/2024-10-23/FFMultiMobile 23.10.2024, 07.37.xcarchive/Products/Applications/FFMultiMobile.app/Frameworks/hermes.framework/hermes'>', hardenedRuntime='0'>'> to: /var/folders/k0/_k6cq1lj3s7bzp0cc9jnqk980000gp/T/XcodeDistPipeline.~~~HY1QAc/entitlements~~~P190n5
2024-10-23 04:40:36 +0000  Running /usr/bin/codesign '-vvv' '--force' '--sign' '4233C80A58161DC96727D76ADF7D7DE75A26D416' '--entitlements' '/var/folders/k0/_k6cq1lj3s7bzp0cc9jnqk980000gp/T/XcodeDistPipeline.~~~HY1QAc/entitlements~~~P190n5' '--generate-entitlement-der' '--preserve-metadata=identifier,flags,runtime' '/var/folders/k0/_k6cq1lj3s7bzp0cc9jnqk980000gp/T/XcodeDistPipeline.~~~HY1QAc/Root/Payload/FFMultiMobile.app/Frameworks/hermes.framework'
2024-10-23 04:40:36 +0000  /var/folders/k0/_k6cq1lj3s7bzp0cc9jnqk980000gp/T/XcodeDistPipeline.~~~HY1QAc/Root/Payload/FFMultiMobile.app/Frameworks/hermes.framework: replacing existing signature
2024-10-23 04:40:36 +0000  /var/folders/k0/_k6cq1lj3s7bzp0cc9jnqk980000gp/T/XcodeDistPipeline.~~~HY1QAc/Root/Payload/FFMultiMobile.app/Frameworks/hermes.framework: signed bundle with Mach-O thin (arm64) [dev.hermesengine.iphoneos]
2024-10-23 04:40:36 +0000  /usr/bin/codesign exited with 0
2024-10-23 04:40:37 +0000  Entitlements for <IDEDistributionItem: 0x600032a2ed60; bundleID='com.ntech.ffmulti.ios', path='<DVTFilePath:0x600016b4c3f0:'/Users/vtimofeev/Library/Developer/Xcode/Archives/2024-10-23/FFMultiMobile 23.10.2024, 07.37.xcarchive/Products/Applications/FFMultiMobile.app'>', codeSigningInfo='<_DVTCodeSigningInformation_Path: 0x6000163043c0; isSigned='1', isAdHocSigned='0', signingCertificate='<DVTSigningCertificate: 0x60000773cdc0; name='Apple Development: Vasily Timofeev (TY8MG6MNW3)', hash='DC7A8E926D1DC5A394D9A0D8270BBB6C27CF941F', serialNumber='80C5E893557158418D092EA1C3B1A0B', certificateKinds='(
    "1.2.840.113635.100.6.1.12",
    "1.2.840.113635.100.6.1.2"
), issueDate='2023-12-06 15:13:17 +0000''>', entitlements='{
    "application-identifier" = "577RAG5643.com.ntech.ffmulti.ios";
    "com.apple.developer.team-identifier" = 577RAG5643;
    "get-task-allow" = 1;
}', teamID='577RAG5643', identifier='com.ntech.ffmulti.ios', executablePath='<DVTFilePath:0x600016b03720:'/Users/vtimofeev/Library/Developer/Xcode/Archives/2024-10-23/FFMultiMobile 23.10.2024, 07.37.xcarchive/Products/Applications/FFMultiMobile.app/FFMultiMobile'>', hardenedRuntime='0'>'>: {
    "application-identifier" = "577RAG5643.com.ntech.ffmulti.ios";
    "com.apple.developer.team-identifier" = 577RAG5643;
    "get-task-allow" = 0;
}
2024-10-23 04:40:37 +0000  Entitlements for <IDEDistributionItem: 0x600032a2ed60; bundleID='com.ntech.ffmulti.ios', path='<DVTFilePath:0x600016b4c3f0:'/Users/vtimofeev/Library/Developer/Xcode/Archives/2024-10-23/FFMultiMobile 23.10.2024, 07.37.xcarchive/Products/Applications/FFMultiMobile.app'>', codeSigningInfo='<_DVTCodeSigningInformation_Path: 0x6000163043c0; isSigned='1', isAdHocSigned='0', signingCertificate='<DVTSigningCertificate: 0x60000773d130; name='Apple Development: Vasily Timofeev (TY8MG6MNW3)', hash='DC7A8E926D1DC5A394D9A0D8270BBB6C27CF941F', serialNumber='80C5E893557158418D092EA1C3B1A0B', certificateKinds='(
    "1.2.840.113635.100.6.1.12",
    "1.2.840.113635.100.6.1.2"
), issueDate='2023-12-06 15:13:17 +0000''>', entitlements='{
    "application-identifier" = "577RAG5643.com.ntech.ffmulti.ios";
    "com.apple.developer.team-identifier" = 577RAG5643;
    "get-task-allow" = 1;
}', teamID='577RAG5643', identifier='com.ntech.ffmulti.ios', executablePath='<DVTFilePath:0x600016b03720:'/Users/vtimofeev/Library/Developer/Xcode/Archives/2024-10-23/FFMultiMobile 23.10.2024, 07.37.xcarchive/Products/Applications/FFMultiMobile.app/FFMultiMobile'>', hardenedRuntime='0'>'> are: {
    "application-identifier" = "577RAG5643.com.ntech.ffmulti.ios";
    "com.apple.developer.team-identifier" = 577RAG5643;
    "get-task-allow" = 0;
}
2024-10-23 04:40:37 +0000  Writing entitlements for <IDEDistributionItem: 0x600032a2ed60; bundleID='com.ntech.ffmulti.ios', path='<DVTFilePath:0x600016b4c3f0:'/Users/vtimofeev/Library/Developer/Xcode/Archives/2024-10-23/FFMultiMobile 23.10.2024, 07.37.xcarchive/Products/Applications/FFMultiMobile.app'>', codeSigningInfo='<_DVTCodeSigningInformation_Path: 0x6000163043c0; isSigned='1', isAdHocSigned='0', signingCertificate='<DVTSigningCertificate: 0x60000773d4a0; name='Apple Development: Vasily Timofeev (TY8MG6MNW3)', hash='DC7A8E926D1DC5A394D9A0D8270BBB6C27CF941F', serialNumber='80C5E893557158418D092EA1C3B1A0B', certificateKinds='(
    "1.2.840.113635.100.6.1.12",
    "1.2.840.113635.100.6.1.2"
), issueDate='2023-12-06 15:13:17 +0000''>', entitlements='{
    "application-identifier" = "577RAG5643.com.ntech.ffmulti.ios";
    "com.apple.developer.team-identifier" = 577RAG5643;
    "get-task-allow" = 1;
}', teamID='577RAG5643', identifier='com.ntech.ffmulti.ios', executablePath='<DVTFilePath:0x600016b03720:'/Users/vtimofeev/Library/Developer/Xcode/Archives/2024-10-23/FFMultiMobile 23.10.2024, 07.37.xcarchive/Products/Applications/FFMultiMobile.app/FFMultiMobile'>', hardenedRuntime='0'>'> to: /var/folders/k0/_k6cq1lj3s7bzp0cc9jnqk980000gp/T/XcodeDistPipeline.~~~HY1QAc/entitlements~~~qdrVWl
2024-10-23 04:40:37 +0000  Running /usr/bin/codesign '-vvv' '--force' '--sign' '4233C80A58161DC96727D76ADF7D7DE75A26D416' '--entitlements' '/var/folders/k0/_k6cq1lj3s7bzp0cc9jnqk980000gp/T/XcodeDistPipeline.~~~HY1QAc/entitlements~~~qdrVWl' '--generate-entitlement-der' '--preserve-metadata=identifier,flags,runtime' '/var/folders/k0/_k6cq1lj3s7bzp0cc9jnqk980000gp/T/XcodeDistPipeline.~~~HY1QAc/Root/Payload/FFMultiMobile.app'
2024-10-23 04:40:37 +0000  /var/folders/k0/_k6cq1lj3s7bzp0cc9jnqk980000gp/T/XcodeDistPipeline.~~~HY1QAc/Root/Payload/FFMultiMobile.app: replacing existing signature
2024-10-23 04:40:37 +0000  /var/folders/k0/_k6cq1lj3s7bzp0cc9jnqk980000gp/T/XcodeDistPipeline.~~~HY1QAc/Root/Payload/FFMultiMobile.app: signed app bundle with Mach-O thin (arm64) [com.ntech.ffmulti.ios]
2024-10-23 04:40:37 +0000  /usr/bin/codesign exited with 0
2024-10-23 04:40:37 +0000  Processing step: IDEDistributionZipODRItemStep
2024-10-23 04:40:37 +0000  Skipping step: IDEDistributionZipODRItemStep because it said so
2024-10-23 04:40:37 +0000  Skipping step: IDEDistributionZipODRItemStep because it said so
2024-10-23 04:40:37 +0000  Processing step: IDEDistributionCreateIPAStep
2024-10-23 04:40:37 +0000  Running /usr/bin/ditto '-V' '-c' '-k' '--norsrc' '/var/folders/k0/_k6cq1lj3s7bzp0cc9jnqk980000gp/T/XcodeDistPipeline.~~~HY1QAc/Root' '/var/folders/k0/_k6cq1lj3s7bzp0cc9jnqk980000gp/T/XcodeDistPipeline.~~~HY1QAc/Packages/FFMultiMobile.ipa'
2024-10-23 04:40:37 +0000  >>> Copying /var/folders/k0/_k6cq1lj3s7bzp0cc9jnqk980000gp/T/XcodeDistPipeline.~~~HY1QAc/Root 
2024-10-23 04:40:37 +0000  copying file ./Payload/FFMultiMobile.app/_CodeSignature/CodeResources ... 
2024-10-23 04:40:37 +0000  43348 bytes for ./Payload/FFMultiMobile.app/_CodeSignature/CodeResources
2024-10-23 04:40:37 +0000  copying file ./Payload/FFMultiMobile.app/NYTPhotoViewer.bundle/NYTPhotoViewerCloseButtonX@2x.png ... 
283 bytes for ./Payload/FFMultiMobile.app/NYTPhotoViewer.bundle/NYTPhotoViewerCloseButtonX@2x.png
2024-10-23 04:40:37 +0000  copying file ./Payload/FFMultiMobile.app/NYTPhotoViewer.bundle/NYTPhotoViewerCloseButtonX@3x.png ... 
369 bytes for ./Payload/FFMultiMobile.app/NYTPhotoViewer.bundle/NYTPhotoViewerCloseButtonX@3x.png
copying file ./Payload/FFMultiMobile.app/NYTPhotoViewer.bundle/NYTPhotoViewerCloseButtonXLandscape@2x.png ... 
2024-10-23 04:40:37 +0000  208 bytes for ./Payload/FFMultiMobile.app/NYTPhotoViewer.bundle/NYTPhotoViewerCloseButtonXLandscape@2x.png
copying file ./Payload/FFMultiMobile.app/NYTPhotoViewer.bundle/NYTPhotoViewerCloseButtonXLandscape.png ... 
143 bytes for ./Payload/FFMultiMobile.app/NYTPhotoViewer.bundle/NYTPhotoViewerCloseButtonXLandscape.png
copying file ./Payload/FFMultiMobile.app/NYTPhotoViewer.bundle/NYTPhotoViewerCloseButtonXLandscape@3x.png ... 
2024-10-23 04:40:37 +0000  273 bytes for ./Payload/FFMultiMobile.app/NYTPhotoViewer.bundle/NYTPhotoViewerCloseButtonXLandscape@3x.png
copying file ./Payload/FFMultiMobile.app/NYTPhotoViewer.bundle/Info.plist ... 
773 bytes for ./Payload/FFMultiMobile.app/NYTPhotoViewer.bundle/Info.plist
copying file ./Payload/FFMultiMobile.app/NYTPhotoViewer.bundle/NYTPhotoViewerCloseButtonX.png ... 
2024-10-23 04:40:37 +0000  220 bytes for ./Payload/FFMultiMobile.app/NYTPhotoViewer.bundle/NYTPhotoViewerCloseButtonX.png
copying file ./Payload/FFMultiMobile.app/Fontisto.ttf ... 
2024-10-23 04:40:37 +0000  313528 bytes for ./Payload/FFMultiMobile.app/Fontisto.ttf
copying file ./Payload/FFMultiMobile.app/Octicons.ttf ... 
2024-10-23 04:40:37 +0000  49404 bytes for ./Payload/FFMultiMobile.app/Octicons.ttf
copying file ./Payload/FFMultiMobile.app/Feather.ttf ... 
2024-10-23 04:40:37 +0000  56228 bytes for ./Payload/FFMultiMobile.app/Feather.ttf
copying file ./Payload/FFMultiMobile.app/FFMultiMobile ... 
2024-10-23 04:40:37 +0000  6442992 bytes for ./Payload/FFMultiMobile.app/FFMultiMobile
copying file ./Payload/FFMultiMobile.app/FontAwesome6_Regular.ttf ... 
2024-10-23 04:40:37 +0000  63348 bytes for ./Payload/FFMultiMobile.app/FontAwesome6_Regular.ttf
copying file ./Payload/FFMultiMobile.app/Entypo.ttf ... 
2024-10-23 04:40:37 +0000  66200 bytes for ./Payload/FFMultiMobile.app/Entypo.ttf
copying file ./Payload/FFMultiMobile.app/FontAwesome5_Brands.ttf ... 
2024-10-23 04:40:37 +0000  134040 bytes for ./Payload/FFMultiMobile.app/FontAwesome5_Brands.ttf
copying file ./Payload/FFMultiMobile.app/MaterialCommunityIcons.ttf ... 
2024-10-23 04:40:37 +0000  1147844 bytes for ./Payload/FFMultiMobile.app/MaterialCommunityIcons.ttf
copying file ./Payload/FFMultiMobile.app/AppIcon60x60@2x.png ... 
2024-10-23 04:40:37 +0000  8205 bytes for ./Payload/FFMultiMobile.app/AppIcon60x60@2x.png
copying file ./Payload/FFMultiMobile.app/AntDesign.ttf ... 
2024-10-23 04:40:37 +0000  70344 bytes for ./Payload/FFMultiMobile.app/AntDesign.ttf
copying file ./Payload/FFMultiMobile.app/Foundation.ttf ... 
2024-10-23 04:40:37 +0000  56976 bytes for ./Payload/FFMultiMobile.app/Foundation.ttf
copying file ./Payload/FFMultiMobile.app/Ionicons.ttf ... 
2024-10-23 04:40:37 +0000  442604 bytes for ./Payload/FFMultiMobile.app/Ionicons.ttf
copying file ./Payload/FFMultiMobile.app/FontAwesome5_Solid.ttf ... 
2024-10-23 04:40:37 +0000  202744 bytes for ./Payload/FFMultiMobile.app/FontAwesome5_Solid.ttf
copying file ./Payload/FFMultiMobile.app/FontAwesome5_Regular.ttf ... 
2024-10-23 04:40:37 +0000  33736 bytes for ./Payload/FFMultiMobile.app/FontAwesome5_Regular.ttf
copying file ./Payload/FFMultiMobile.app/FontAwesome.ttf ... 
2024-10-23 04:40:37 +0000  165548 bytes for ./Payload/FFMultiMobile.app/FontAwesome.ttf
copying file ./Payload/FFMultiMobile.app/Zocial.ttf ... 
2024-10-23 04:40:37 +0000  25788 bytes for ./Payload/FFMultiMobile.app/Zocial.ttf
copying file ./Payload/FFMultiMobile.app/Assets.car ... 
2024-10-23 04:40:37 +0000  421144 bytes for ./Payload/FFMultiMobile.app/Assets.car
copying file ./Payload/FFMultiMobile.app/EvilIcons.ttf ... 
2024-10-23 04:40:37 +0000  13456 bytes for ./Payload/FFMultiMobile.app/EvilIcons.ttf
copying file ./Payload/FFMultiMobile.app/AppIcon76x76@2x~ipad.png ... 
2024-10-23 04:40:37 +0000  10730 bytes for ./Payload/FFMultiMobile.app/AppIcon76x76@2x~ipad.png
copying file ./Payload/FFMultiMobile.app/main.jsbundle ... 
2024-10-23 04:40:37 +0000  4100340 bytes for ./Payload/FFMultiMobile.app/main.jsbundle
2024-10-23 04:40:37 +0000  copying file ./Payload/FFMultiMobile.app/RCTI18nStrings.bundle/de.lproj/Localizable.strings ... 
64 bytes for ./Payload/FFMultiMobile.app/RCTI18nStrings.bundle/de.lproj/Localizable.strings
copying file ./Payload/FFMultiMobile.app/RCTI18nStrings.bundle/de.lproj/fbt_language_pack.bin ... 
1312 bytes for ./Payload/FFMultiMobile.app/RCTI18nStrings.bundle/de.lproj/fbt_language_pack.bin
copying file ./Payload/FFMultiMobile.app/RCTI18nStrings.bundle/he.lproj/Localizable.strings ... 
64 bytes for ./Payload/FFMultiMobile.app/RCTI18nStrings.bundle/he.lproj/Localizable.strings
copying file ./Payload/FFMultiMobile.app/RCTI18nStrings.bundle/he.lproj/fbt_language_pack.bin ... 
1444 bytes for ./Payload/FFMultiMobile.app/RCTI18nStrings.bundle/he.lproj/fbt_language_pack.bin
2024-10-23 04:40:37 +0000  copying file ./Payload/FFMultiMobile.app/RCTI18nStrings.bundle/ar.lproj/Localizable.strings ... 
64 bytes for ./Payload/FFMultiMobile.app/RCTI18nStrings.bundle/ar.lproj/Localizable.strings
copying file ./Payload/FFMultiMobile.app/RCTI18nStrings.bundle/ar.lproj/fbt_language_pack.bin ... 
1500 bytes for ./Payload/FFMultiMobile.app/RCTI18nStrings.bundle/ar.lproj/fbt_language_pack.bin
2024-10-23 04:40:37 +0000  copying file ./Payload/FFMultiMobile.app/RCTI18nStrings.bundle/el.lproj/Localizable.strings ... 
64 bytes for ./Payload/FFMultiMobile.app/RCTI18nStrings.bundle/el.lproj/Localizable.strings
copying file ./Payload/FFMultiMobile.app/RCTI18nStrings.bundle/el.lproj/fbt_language_pack.bin ... 
2024-10-23 04:40:37 +0000  1600 bytes for ./Payload/FFMultiMobile.app/RCTI18nStrings.bundle/el.lproj/fbt_language_pack.bin
copying file ./Payload/FFMultiMobile.app/RCTI18nStrings.bundle/zh-Hans.lproj/Localizable.strings ... 
64 bytes for ./Payload/FFMultiMobile.app/RCTI18nStrings.bundle/zh-Hans.lproj/Localizable.strings
copying file ./Payload/FFMultiMobile.app/RCTI18nStrings.bundle/zh-Hans.lproj/fbt_language_pack.bin ... 
2024-10-23 04:40:37 +0000  1296 bytes for ./Payload/FFMultiMobile.app/RCTI18nStrings.bundle/zh-Hans.lproj/fbt_language_pack.bin
copying file ./Payload/FFMultiMobile.app/RCTI18nStrings.bundle/ja.lproj/Localizable.strings ... 
64 bytes for ./Payload/FFMultiMobile.app/RCTI18nStrings.bundle/ja.lproj/Localizable.strings
copying file ./Payload/FFMultiMobile.app/RCTI18nStrings.bundle/ja.lproj/fbt_language_pack.bin ... 
2024-10-23 04:40:37 +0000  1436 bytes for ./Payload/FFMultiMobile.app/RCTI18nStrings.bundle/ja.lproj/fbt_language_pack.bin
copying file ./Payload/FFMultiMobile.app/RCTI18nStrings.bundle/en.lproj/Localizable.strings ... 
64 bytes for ./Payload/FFMultiMobile.app/RCTI18nStrings.bundle/en.lproj/Localizable.strings
2024-10-23 04:40:37 +0000  copying file ./Payload/FFMultiMobile.app/RCTI18nStrings.bundle/zh-Hant-HK.lproj/Localizable.strings ... 
64 bytes for ./Payload/FFMultiMobile.app/RCTI18nStrings.bundle/zh-Hant-HK.lproj/Localizable.strings
copying file ./Payload/FFMultiMobile.app/RCTI18nStrings.bundle/zh-Hant-HK.lproj/fbt_language_pack.bin ... 
2024-10-23 04:40:37 +0000  1296 bytes for ./Payload/FFMultiMobile.app/RCTI18nStrings.bundle/zh-Hant-HK.lproj/fbt_language_pack.bin
copying file ./Payload/FFMultiMobile.app/RCTI18nStrings.bundle/uk.lproj/Localizable.strings ... 
64 bytes for ./Payload/FFMultiMobile.app/RCTI18nStrings.bundle/uk.lproj/Localizable.strings
copying file ./Payload/FFMultiMobile.app/RCTI18nStrings.bundle/uk.lproj/fbt_language_pack.bin ... 
2024-10-23 04:40:37 +0000  1564 bytes for ./Payload/FFMultiMobile.app/RCTI18nStrings.bundle/uk.lproj/fbt_language_pack.bin
copying file ./Payload/FFMultiMobile.app/RCTI18nStrings.bundle/nb.lproj/Localizable.strings ... 
64 bytes for ./Payload/FFMultiMobile.app/RCTI18nStrings.bundle/nb.lproj/Localizable.strings
copying file ./Payload/FFMultiMobile.app/RCTI18nStrings.bundle/nb.lproj/fbt_language_pack.bin ... 
2024-10-23 04:40:37 +0000  1296 bytes for ./Payload/FFMultiMobile.app/RCTI18nStrings.bundle/nb.lproj/fbt_language_pack.bin
copying file ./Payload/FFMultiMobile.app/RCTI18nStrings.bundle/en-GB.lproj/Localizable.strings ... 
64 bytes for ./Payload/FFMultiMobile.app/RCTI18nStrings.bundle/en-GB.lproj/Localizable.strings
copying file ./Payload/FFMultiMobile.app/RCTI18nStrings.bundle/en-GB.lproj/fbt_language_pack.bin ... 
2024-10-23 04:40:37 +0000  1268 bytes for ./Payload/FFMultiMobile.app/RCTI18nStrings.bundle/en-GB.lproj/fbt_language_pack.bin
copying file ./Payload/FFMultiMobile.app/RCTI18nStrings.bundle/es.lproj/Localizable.strings ... 
2024-10-23 04:40:37 +0000  64 bytes for ./Payload/FFMultiMobile.app/RCTI18nStrings.bundle/es.lproj/Localizable.strings
copying file ./Payload/FFMultiMobile.app/RCTI18nStrings.bundle/es.lproj/fbt_language_pack.bin ... 
1364 bytes for ./Payload/FFMultiMobile.app/RCTI18nStrings.bundle/es.lproj/fbt_language_pack.bin
copying file ./Payload/FFMultiMobile.app/RCTI18nStrings.bundle/da.lproj/Localizable.strings ... 
2024-10-23 04:40:37 +0000  64 bytes for ./Payload/FFMultiMobile.app/RCTI18nStrings.bundle/da.lproj/Localizable.strings
copying file ./Payload/FFMultiMobile.app/RCTI18nStrings.bundle/da.lproj/fbt_language_pack.bin ... 
1300 bytes for ./Payload/FFMultiMobile.app/RCTI18nStrings.bundle/da.lproj/fbt_language_pack.bin
2024-10-23 04:40:37 +0000  copying file ./Payload/FFMultiMobile.app/RCTI18nStrings.bundle/it.lproj/Localizable.strings ... 
64 bytes for ./Payload/FFMultiMobile.app/RCTI18nStrings.bundle/it.lproj/Localizable.strings
copying file ./Payload/FFMultiMobile.app/RCTI18nStrings.bundle/it.lproj/fbt_language_pack.bin ... 
1388 bytes for ./Payload/FFMultiMobile.app/RCTI18nStrings.bundle/it.lproj/fbt_language_pack.bin
2024-10-23 04:40:37 +0000  copying file ./Payload/FFMultiMobile.app/RCTI18nStrings.bundle/sk.lproj/Localizable.strings ... 
64 bytes for ./Payload/FFMultiMobile.app/RCTI18nStrings.bundle/sk.lproj/Localizable.strings
copying file ./Payload/FFMultiMobile.app/RCTI18nStrings.bundle/sk.lproj/fbt_language_pack.bin ... 
2024-10-23 04:40:37 +0000  1356 bytes for ./Payload/FFMultiMobile.app/RCTI18nStrings.bundle/sk.lproj/fbt_language_pack.bin
copying file ./Payload/FFMultiMobile.app/RCTI18nStrings.bundle/es-ES.lproj/Localizable.strings ... 
64 bytes for ./Payload/FFMultiMobile.app/RCTI18nStrings.bundle/es-ES.lproj/Localizable.strings
copying file ./Payload/FFMultiMobile.app/RCTI18nStrings.bundle/es-ES.lproj/fbt_language_pack.bin ... 
2024-10-23 04:40:37 +0000  1368 bytes for ./Payload/FFMultiMobile.app/RCTI18nStrings.bundle/es-ES.lproj/fbt_language_pack.bin
copying file ./Payload/FFMultiMobile.app/RCTI18nStrings.bundle/ms.lproj/Localizable.strings ... 
64 bytes for ./Payload/FFMultiMobile.app/RCTI18nStrings.bundle/ms.lproj/Localizable.strings
copying file ./Payload/FFMultiMobile.app/RCTI18nStrings.bundle/ms.lproj/fbt_language_pack.bin ... 
2024-10-23 04:40:37 +0000  1292 bytes for ./Payload/FFMultiMobile.app/RCTI18nStrings.bundle/ms.lproj/fbt_language_pack.bin
copying file ./Payload/FFMultiMobile.app/RCTI18nStrings.bundle/sv.lproj/Localizable.strings ... 
64 bytes for ./Payload/FFMultiMobile.app/RCTI18nStrings.bundle/sv.lproj/Localizable.strings
copying file ./Payload/FFMultiMobile.app/RCTI18nStrings.bundle/sv.lproj/fbt_language_pack.bin ... 
2024-10-23 04:40:37 +0000  1300 bytes for ./Payload/FFMultiMobile.app/RCTI18nStrings.bundle/sv.lproj/fbt_language_pack.bin
copying file ./Payload/FFMultiMobile.app/RCTI18nStrings.bundle/cs.lproj/Localizable.strings ... 
64 bytes for ./Payload/FFMultiMobile.app/RCTI18nStrings.bundle/cs.lproj/Localizable.strings
copying file ./Payload/FFMultiMobile.app/RCTI18nStrings.bundle/cs.lproj/fbt_language_pack.bin ... 
2024-10-23 04:40:37 +0000  1368 bytes for ./Payload/FFMultiMobile.app/RCTI18nStrings.bundle/cs.lproj/fbt_language_pack.bin
copying file ./Payload/FFMultiMobile.app/RCTI18nStrings.bundle/ko.lproj/Localizable.strings ... 
2024-10-23 04:40:37 +0000  64 bytes for ./Payload/FFMultiMobile.app/RCTI18nStrings.bundle/ko.lproj/Localizable.strings
copying file ./Payload/FFMultiMobile.app/RCTI18nStrings.bundle/ko.lproj/fbt_language_pack.bin ... 
1332 bytes for ./Payload/FFMultiMobile.app/RCTI18nStrings.bundle/ko.lproj/fbt_language_pack.bin
copying file ./Payload/FFMultiMobile.app/RCTI18nStrings.bundle/zh-Hant.lproj/Localizable.strings ... 
2024-10-23 04:40:37 +0000  64 bytes for ./Payload/FFMultiMobile.app/RCTI18nStrings.bundle/zh-Hant.lproj/Localizable.strings
copying file ./Payload/FFMultiMobile.app/RCTI18nStrings.bundle/zh-Hant.lproj/fbt_language_pack.bin ... 
1308 bytes for ./Payload/FFMultiMobile.app/RCTI18nStrings.bundle/zh-Hant.lproj/fbt_language_pack.bin
2024-10-23 04:40:37 +0000  copying file ./Payload/FFMultiMobile.app/RCTI18nStrings.bundle/hu.lproj/Localizable.strings ... 
64 bytes for ./Payload/FFMultiMobile.app/RCTI18nStrings.bundle/hu.lproj/Localizable.strings
copying file ./Payload/FFMultiMobile.app/RCTI18nStrings.bundle/hu.lproj/fbt_language_pack.bin ... 
1348 bytes for ./Payload/FFMultiMobile.app/RCTI18nStrings.bundle/hu.lproj/fbt_language_pack.bin
2024-10-23 04:40:37 +0000  copying file ./Payload/FFMultiMobile.app/RCTI18nStrings.bundle/tr.lproj/Localizable.strings ... 
64 bytes for ./Payload/FFMultiMobile.app/RCTI18nStrings.bundle/tr.lproj/Localizable.strings
copying file ./Payload/FFMultiMobile.app/RCTI18nStrings.bundle/tr.lproj/fbt_language_pack.bin ... 
2024-10-23 04:40:37 +0000  1360 bytes for ./Payload/FFMultiMobile.app/RCTI18nStrings.bundle/tr.lproj/fbt_language_pack.bin
copying file ./Payload/FFMultiMobile.app/RCTI18nStrings.bundle/pl.lproj/Localizable.strings ... 
64 bytes for ./Payload/FFMultiMobile.app/RCTI18nStrings.bundle/pl.lproj/Localizable.strings
copying file ./Payload/FFMultiMobile.app/RCTI18nStrings.bundle/pl.lproj/fbt_language_pack.bin ... 
2024-10-23 04:40:37 +0000  1340 bytes for ./Payload/FFMultiMobile.app/RCTI18nStrings.bundle/pl.lproj/fbt_language_pack.bin
copying file ./Payload/FFMultiMobile.app/RCTI18nStrings.bundle/vi.lproj/Localizable.strings ... 
64 bytes for ./Payload/FFMultiMobile.app/RCTI18nStrings.bundle/vi.lproj/Localizable.strings
copying file ./Payload/FFMultiMobile.app/RCTI18nStrings.bundle/vi.lproj/fbt_language_pack.bin ... 
2024-10-23 04:40:37 +0000  1352 bytes for ./Payload/FFMultiMobile.app/RCTI18nStrings.bundle/vi.lproj/fbt_language_pack.bin
copying file ./Payload/FFMultiMobile.app/RCTI18nStrings.bundle/ru.lproj/Localizable.strings ... 
64 bytes for ./Payload/FFMultiMobile.app/RCTI18nStrings.bundle/ru.lproj/Localizable.strings
copying file ./Payload/FFMultiMobile.app/RCTI18nStrings.bundle/ru.lproj/fbt_language_pack.bin ... 
2024-10-23 04:40:37 +0000  1576 bytes for ./Payload/FFMultiMobile.app/RCTI18nStrings.bundle/ru.lproj/fbt_language_pack.bin
copying file ./Payload/FFMultiMobile.app/RCTI18nStrings.bundle/fr.lproj/Localizable.strings ... 
2024-10-23 04:40:37 +0000  64 bytes for ./Payload/FFMultiMobile.app/RCTI18nStrings.bundle/fr.lproj/Localizable.strings
copying file ./Payload/FFMultiMobile.app/RCTI18nStrings.bundle/fr.lproj/fbt_language_pack.bin ... 
1360 bytes for ./Payload/FFMultiMobile.app/RCTI18nStrings.bundle/fr.lproj/fbt_language_pack.bin
copying file ./Payload/FFMultiMobile.app/RCTI18nStrings.bundle/fi.lproj/Localizable.strings ... 
2024-10-23 04:40:37 +0000  64 bytes for ./Payload/FFMultiMobile.app/RCTI18nStrings.bundle/fi.lproj/Localizable.strings
copying file ./Payload/FFMultiMobile.app/RCTI18nStrings.bundle/fi.lproj/fbt_language_pack.bin ... 
1340 bytes for ./Payload/FFMultiMobile.app/RCTI18nStrings.bundle/fi.lproj/fbt_language_pack.bin
copying file ./Payload/FFMultiMobile.app/RCTI18nStrings.bundle/id.lproj/Localizable.strings ... 
2024-10-23 04:40:37 +0000  64 bytes for ./Payload/FFMultiMobile.app/RCTI18nStrings.bundle/id.lproj/Localizable.strings
copying file ./Payload/FFMultiMobile.app/RCTI18nStrings.bundle/id.lproj/fbt_language_pack.bin ... 
1300 bytes for ./Payload/FFMultiMobile.app/RCTI18nStrings.bundle/id.lproj/fbt_language_pack.bin
2024-10-23 04:40:37 +0000  copying file ./Payload/FFMultiMobile.app/RCTI18nStrings.bundle/nl.lproj/Localizable.strings ... 
64 bytes for ./Payload/FFMultiMobile.app/RCTI18nStrings.bundle/nl.lproj/Localizable.strings
copying file ./Payload/FFMultiMobile.app/RCTI18nStrings.bundle/nl.lproj/fbt_language_pack.bin ... 
1324 bytes for ./Payload/FFMultiMobile.app/RCTI18nStrings.bundle/nl.lproj/fbt_language_pack.bin
2024-10-23 04:40:37 +0000  copying file ./Payload/FFMultiMobile.app/RCTI18nStrings.bundle/th.lproj/Localizable.strings ... 
64 bytes for ./Payload/FFMultiMobile.app/RCTI18nStrings.bundle/th.lproj/Localizable.strings
copying file ./Payload/FFMultiMobile.app/RCTI18nStrings.bundle/th.lproj/fbt_language_pack.bin ... 
2024-10-23 04:40:37 +0000  1784 bytes for ./Payload/FFMultiMobile.app/RCTI18nStrings.bundle/th.lproj/fbt_language_pack.bin
copying file ./Payload/FFMultiMobile.app/RCTI18nStrings.bundle/pt.lproj/Localizable.strings ... 
64 bytes for ./Payload/FFMultiMobile.app/RCTI18nStrings.bundle/pt.lproj/Localizable.strings
copying file ./Payload/FFMultiMobile.app/RCTI18nStrings.bundle/pt.lproj/fbt_language_pack.bin ... 
2024-10-23 04:40:37 +0000  1356 bytes for ./Payload/FFMultiMobile.app/RCTI18nStrings.bundle/pt.lproj/fbt_language_pack.bin
copying file ./Payload/FFMultiMobile.app/RCTI18nStrings.bundle/zu.lproj/Localizable.strings ... 
64 bytes for ./Payload/FFMultiMobile.app/RCTI18nStrings.bundle/zu.lproj/Localizable.strings
copying file ./Payload/FFMultiMobile.app/RCTI18nStrings.bundle/zu.lproj/fbt_language_pack.bin ... 
2024-10-23 04:40:37 +0000  2076 bytes for ./Payload/FFMultiMobile.app/RCTI18nStrings.bundle/zu.lproj/fbt_language_pack.bin
copying file ./Payload/FFMultiMobile.app/RCTI18nStrings.bundle/pt-PT.lproj/Localizable.strings ... 
2024-10-23 04:40:37 +0000  64 bytes for ./Payload/FFMultiMobile.app/RCTI18nStrings.bundle/pt-PT.lproj/Localizable.strings
copying file ./Payload/FFMultiMobile.app/RCTI18nStrings.bundle/pt-PT.lproj/fbt_language_pack.bin ... 
1372 bytes for ./Payload/FFMultiMobile.app/RCTI18nStrings.bundle/pt-PT.lproj/fbt_language_pack.bin
copying file ./Payload/FFMultiMobile.app/RCTI18nStrings.bundle/ro.lproj/Localizable.strings ... 
2024-10-23 04:40:37 +0000  64 bytes for ./Payload/FFMultiMobile.app/RCTI18nStrings.bundle/ro.lproj/Localizable.strings
copying file ./Payload/FFMultiMobile.app/RCTI18nStrings.bundle/ro.lproj/fbt_language_pack.bin ... 
1344 bytes for ./Payload/FFMultiMobile.app/RCTI18nStrings.bundle/ro.lproj/fbt_language_pack.bin
copying file ./Payload/FFMultiMobile.app/RCTI18nStrings.bundle/Info.plist ... 
2024-10-23 04:40:37 +0000  775 bytes for ./Payload/FFMultiMobile.app/RCTI18nStrings.bundle/Info.plist
copying file ./Payload/FFMultiMobile.app/RCTI18nStrings.bundle/hr.lproj/Localizable.strings ... 
64 bytes for ./Payload/FFMultiMobile.app/RCTI18nStrings.bundle/hr.lproj/Localizable.strings
copying file ./Payload/FFMultiMobile.app/RCTI18nStrings.bundle/hr.lproj/fbt_language_pack.bin ... 
2024-10-23 04:40:37 +0000  1352 bytes for ./Payload/FFMultiMobile.app/RCTI18nStrings.bundle/hr.lproj/fbt_language_pack.bin
copying file ./Payload/FFMultiMobile.app/RCTI18nStrings.bundle/hi.lproj/Localizable.strings ... 
64 bytes for ./Payload/FFMultiMobile.app/RCTI18nStrings.bundle/hi.lproj/Localizable.strings
copying file ./Payload/FFMultiMobile.app/RCTI18nStrings.bundle/hi.lproj/fbt_language_pack.bin ... 
2024-10-23 04:40:37 +0000  1640 bytes for ./Payload/FFMultiMobile.app/RCTI18nStrings.bundle/hi.lproj/fbt_language_pack.bin
copying file ./Payload/FFMultiMobile.app/FontAwesome6_Solid.ttf ... 
2024-10-23 04:40:37 +0000  394668 bytes for ./Payload/FFMultiMobile.app/FontAwesome6_Solid.ttf
copying file ./Payload/FFMultiMobile.app/PrivacyInfo.xcprivacy ... 
2024-10-23 04:40:37 +0000  1891 bytes for ./Payload/FFMultiMobile.app/PrivacyInfo.xcprivacy
copying file ./Payload/FFMultiMobile.app/LaunchScreen.storyboardc/01J-lp-oVM-view-Ze5-6b-2t3.nib ... 
3293 bytes for ./Payload/FFMultiMobile.app/LaunchScreen.storyboardc/01J-lp-oVM-view-Ze5-6b-2t3.nib
copying file ./Payload/FFMultiMobile.app/LaunchScreen.storyboardc/UIViewController-01J-lp-oVM.nib ... 
2024-10-23 04:40:37 +0000  896 bytes for ./Payload/FFMultiMobile.app/LaunchScreen.storyboardc/UIViewController-01J-lp-oVM.nib
copying file ./Payload/FFMultiMobile.app/LaunchScreen.storyboardc/Info.plist ... 
258 bytes for ./Payload/FFMultiMobile.app/LaunchScreen.storyboardc/Info.plist
copying file ./Payload/FFMultiMobile.app/modules.json ... 
2024-10-23 04:40:37 +0000  3124 bytes for ./Payload/FFMultiMobile.app/modules.json
copying file ./Payload/FFMultiMobile.app/Frameworks/hermes.framework/_CodeSignature/CodeResources ... 
2024-10-23 04:40:37 +0000  1798 bytes for ./Payload/FFMultiMobile.app/Frameworks/hermes.framework/_CodeSignature/CodeResources
copying file ./Payload/FFMultiMobile.app/Frameworks/hermes.framework/hermes ... 
2024-10-23 04:40:37 +0000  4448800 bytes for ./Payload/FFMultiMobile.app/Frameworks/hermes.framework/hermes
copying file ./Payload/FFMultiMobile.app/Frameworks/hermes.framework/Info.plist ... 
2024-10-23 04:40:37 +0000  815 bytes for ./Payload/FFMultiMobile.app/Frameworks/hermes.framework/Info.plist
copying file ./Payload/FFMultiMobile.app/SimpleLineIcons.ttf ... 
2024-10-23 04:40:37 +0000  54056 bytes for ./Payload/FFMultiMobile.app/SimpleLineIcons.ttf
copying file ./Payload/FFMultiMobile.app/FontAwesome6_Brands.ttf ... 
2024-10-23 04:40:37 +0000  189684 bytes for ./Payload/FFMultiMobile.app/FontAwesome6_Brands.ttf
copying file ./Payload/FFMultiMobile.app/embedded.mobileprovision ... 
2024-10-23 04:40:37 +0000  16429 bytes for ./Payload/FFMultiMobile.app/embedded.mobileprovision
2024-10-23 04:40:37 +0000  copying file ./Payload/FFMultiMobile.app/assets/node_modules/@react-navigation/drawer/src/views/assets/toggle-drawer-icon@3x.png ... 
2024-10-23 04:40:37 +0000  212 bytes for ./Payload/FFMultiMobile.app/assets/node_modules/@react-navigation/drawer/src/views/assets/toggle-drawer-icon@3x.png
copying file ./Payload/FFMultiMobile.app/assets/node_modules/@react-navigation/drawer/src/views/assets/toggle-drawer-icon@2x.png ... 
163 bytes for ./Payload/FFMultiMobile.app/assets/node_modules/@react-navigation/drawer/src/views/assets/toggle-drawer-icon@2x.png
copying file ./Payload/FFMultiMobile.app/assets/node_modules/@react-navigation/drawer/src/views/assets/toggle-drawer-icon.png ... 
108 bytes for ./Payload/FFMultiMobile.app/assets/node_modules/@react-navigation/drawer/src/views/assets/toggle-drawer-icon.png
2024-10-23 04:40:37 +0000  copying file ./Payload/FFMultiMobile.app/assets/node_modules/@react-navigation/elements/src/assets/back-icon@3x.png ... 
761 bytes for ./Payload/FFMultiMobile.app/assets/node_modules/@react-navigation/elements/src/assets/back-icon@3x.png
copying file ./Payload/FFMultiMobile.app/assets/node_modules/@react-navigation/elements/src/assets/back-icon@2x.png ... 
2024-10-23 04:40:37 +0000  405 bytes for ./Payload/FFMultiMobile.app/assets/node_modules/@react-navigation/elements/src/assets/back-icon@2x.png
copying file ./Payload/FFMultiMobile.app/assets/node_modules/@react-navigation/elements/src/assets/back-icon.png ... 
290 bytes for ./Payload/FFMultiMobile.app/assets/node_modules/@react-navigation/elements/src/assets/back-icon.png
copying file ./Payload/FFMultiMobile.app/assets/node_modules/@react-navigation/elements/src/assets/back-icon-mask.png ... 
913 bytes for ./Payload/FFMultiMobile.app/assets/node_modules/@react-navigation/elements/src/assets/back-icon-mask.png
2024-10-23 04:40:37 +0000  copying file ./Payload/FFMultiMobile.app/assets/src/assets/logos/logo.ntech.v3.png ... 
2024-10-23 04:40:37 +0000  7634 bytes for ./Payload/FFMultiMobile.app/assets/src/assets/logos/logo.ntech.v3.png
copying file ./Payload/FFMultiMobile.app/Info.plist ... 
1714 bytes for ./Payload/FFMultiMobile.app/Info.plist
2024-10-23 04:40:37 +0000  copying file ./Payload/FFMultiMobile.app/PkgInfo ... 
8 bytes for ./Payload/FFMultiMobile.app/PkgInfo
copying file ./Payload/FFMultiMobile.app/MaterialIcons.ttf ... 
2024-10-23 04:40:37 +0000  356840 bytes for ./Payload/FFMultiMobile.app/MaterialIcons.ttf
2024-10-23 04:40:37 +0000  /usr/bin/ditto exited with 0
2024-10-23 04:40:37 +0000  Processing step: IDEDistributionAppStoreInformationStep
2024-10-23 04:40:37 +0000  Skipping step: IDEDistributionAppStoreInformationStep because it said so
2024-10-23 04:40:37 +0000  Processing step: IDEDistributionGenerateProcessedDistributionItems
2024-10-23 04:40:37 +0000  IDEDistributionItem init <DVTFilePath:0x600016bc08c0:'/var/folders/k0/_k6cq1lj3s7bzp0cc9jnqk980000gp/T/XcodeDistPipeline.~~~HY1QAc/Root/Payload/FFMultiMobile.app/Frameworks/hermes.framework'>
2024-10-23 04:40:37 +0000  IDEDistributionItem init <DVTFilePath:0x600016b35ea0:'/var/folders/k0/_k6cq1lj3s7bzp0cc9jnqk980000gp/T/XcodeDistPipeline.~~~HY1QAc/Root/Payload/FFMultiMobile.app'>
2024-10-23 04:40:37 +0000  Processing step: IDEDistributionCreateManifestStep
